The origin sequence array is as follow:
9921   1068   476    5775   7895   5167   1843   3024   8814   7853   
2631   9899   9936   3510   3790   7922   2652   5116   6010   287    
2247   297    9488   2281   6123   3915   4674   4053   4795   6060   
7076   6802   133    172    7064   4188   273    9693   2550   6026   
3670   230    1991   5071   1827   5351   8600   3986   9389   306    
7564   5425   2648   8130   9604   5701   9681   7980   8827   3422   
2386   758    1325   7934   7395   4611   4041   7534   8306   3902   
637    9389   601    8736   4728   7863   1296   6772   4302   8253   
797    2355   1039   1321   3208   3663   3826   2185   7470   6294   
1814   2501   2260   5823   1932   896    7151   3366   5313   7505   
2634   6273   1429   147    5679   5898   3147   1695   741    3644   
2289   3928   9510   1461   2578   306    346    4179   1776   5241   
3702   1245   691    9473   2440   5673   662    1147   122    3178   
2622   1948   4750   124    1402   8377   4520   1099   864    5838   
748    2405   8171   2885   7396   1105   5451   8606   1025   1698   
5880   1403   7359   2377   4116   1424   3007   2132   231    944    
1694   1910   667    987    4727   9047   3509   6777   4243   1683   
7612   8472   183    7101   558    634    7628   3435   2919   1349   
8838   5650   2880   2809   6960   1161   6970   4969   2322   5239   
2290   1407   3023   5286   1073   1099   5303   1669   4211   482    
9898   2344   3419   1569   3741   3354   8618   4613   5279   4080   
4974   9323   5157   6332   2730   4525   8760   3057   1062   9499   
3869   8965   3413   262    9935   6383   9233   1844   6790   7401   
316    1128   6076   2573   1777   5410   7564   7159   1754   2127   
894    398    8636   157    3108   9092   8892   1286   4684   4650   
8604   653    6350   8660   9006   7160   960    3072   827    8228   
8493   9887   1945   2579   1936   5948   141    6827   3013   6184   
2989   9143   3559   673    7851   202    1138   3211   8441   9656   
1325   6612   8424   6054   7457   7179   5730   5489   8900   3443   
1035   4769   8706   980    6597   5203   2211   1042   5861   8700   
3306   5507   1514   8531   485    3607   330    2356   3519   5278   
5532   133    7684   4510   9753   6909   6230   1920   3453   466    
5787   4348   2966   5712   3301   5974   1511   5262   2728   9513   
3410   6392   6978   7810   4306   8761   1096   9631   3579   4962   
2199   493    3962   1583   989    7903   8849   6604   3766   852    
1787   9942   1896   9798   8918   1041   811    2036   911    4820   
2428   2178   126    8250   7785   417    8085   1231   6615   3462   
5395   9449   7921   7493   1742   6001   482    732    5029   7840   
3216   354    8229   5702   2368   8086   8922   9759   1220   7312   
2628   5605   4312   3449   975    8265   1537   4795   9914   9779   
7004   7382   402    3595   711    3625   6425   1279   7304   1438   
8209   6506   9080   543    9410   4227   1783   2203   5969   4451   
6563   4082   7905   8311   3891   2225   1020   449    2130   3480   
7204   7697   3824   1320   662    7261   7681   6509   3043   4680   
4496   5914   1658   868    1981   9747   2911   1865   2555   9132   
9877   9584   4196   5705   8431   7167   5210   8226   5215   996    
8778   186    6905   7550   7178   6541   785    3084   2362   1670   
9743   6497   3439   4946   8952   8310   3495   428    9530   7595   
8802   4206   1462   3209   9461   6408   2369   1495   7183   9335   
8608   8678   2947   6133   283    1768   2935   8088   6688   360    
9845   8776   5412   2822   4249   244    4152   2862   713    2764   
3969   3429   4179   9522   4199   1589   3921   1797   8737   3957   
4295   1290   814    5551   7765   445    1818   8384   7665   9470   
6838   3930   7064   9270   8182   2378   8747   3738   3983   4309   
6356   1166   172    3815   3044   2461   8792   8043   3258   4884   
2818   6375   2634   3016   6569   5754   1265   3229   9597   4786   
4515   4614   4074   1210   2713   5067   7535   9789   7486   6223   
2999   5113   1019   4993   173    2358   2357   1038   2871   1629   
2342   357    6682   6369   9989   9237   9345   3645   783    2490   
5317   7635   7328   8981   7356   2508   704    2523   2492   9541   
2625   8708   8717   117    826    3769   5644   6007   783    714    
7531   7164   4225   9407   6910   8063   3792   5093   4868   5157   
7559   9777   3789   492    2652   8642   9607   4477   168    8667   
2322   8659   8630   7102   2713   919    7219   2066   4929   6997   
5523   1747   7325   2336   1051   8867   5756   1577   8201   3385   
6298   3279   9566   9014   7205   1714   5377   4370   4450   9219   
2291   5971   9805   3225   8198   8234   6159   4763   121    2061   
3459   1006   5681   8485   469    4462   3048   5945   6524   5696   
986    1203   151    6343   9088   7665   1364   6456   8521   1021   
7660   8952   3478   447    8263   5730   9297   6287   7453   1372   
1116   6604   3944   2473   1960   367    8743   6597   5765   5456   
2258   3040   7351   430    6411   5968   566    3965   1410   2708   
7509   1416   6715   1343   1482   5613   4232   986    1798   240    
1822   7125   7204   118    1896   1933   7375   9719   648    1115   
3031   625    3085   1123   1635   204    2384   6054   3362   1296   
669    7124   9372   2559   5117   108    6720   6660   4594   6948   
3911   3061   8060   475    703    4238   9914   195    103    5063   
8558   210    4405   1378   2742   7834   6315   7521   4974   6748   
5419   6775   8142   6324   3037   9316   232    8378   4319   3123   
9742   929    5845   8939   8413   9397   8655   5436   8172   2457   
9528   4742   7795   1720   992    2989   1440   3383   9034   700    
5147   680    506    9096   7242   6395   2709   7776   2384   2667   
1263   8175   3677   5644   3282   6959   5629   1779   3816   755    
9254   5093   1199   1487   4787   2798   2689   7532   3508   420    
6678   5523   6826   300    6607   7523   4593   5554   7557   7918   
6563   4538   9656   532    447    3872   3506   3259   5514   4227   
7436   5353   6992   5799   1776   9559   8315   618    4004   2426   
9851   7488   3965   8485   1668   6767   1094   2699   6463   8518   
2421   942    214    2101   987    5314   4549   7763   2539   5003   
902    3058   5577   5357   4760   2645   3784   7706   1928   3929   
5273   8530   8046   6870   1185   4648   7256   4523   2997   2772   
7204   6004   3546   2647   8017   6354   666    6351   315    1791   
1169   575    5126   3709   9928   7366   6278   8695   7583   8467   
4998   1699   5116   8477   6525   2675   6459   9195   2266   3966   
6057   532    6936   1360   2946   6281   2076   7102   7160   4879   
2833   9702   5657   2958   4876   7864   3824   259    5712   845    
6039   5602   7897   5784   4204   2307   9590   1745   4387   2499   
8037   1134   9841   2405   3064   3732   469    6118   223    1007   
6613   2807   194    8470   1099   2585   3570   6622   9193   5650   
3702   7526   6685   7569   988    9912   1498   7467   2791   692    
7199   1790   167    1988   9134   6998   7008   5200   1435   1226   
1891   6207   896    355    7471   4441   930    813    1555   7134   
3581   7630   8071   1202   9564   7111   1264   4768   7911   3179   
7858   1923   9027   2453   688    4968   9974   2983   9322   7410   
6736   4662   2031   8094   3129   5249   481    5985   3552   6861   
2942   2194   8548   864    351    2801   2745   4127   8975   6281   
9773   2102   427    678    9478   4673   1920   993    4419   919    
5381   7906   2229   3870   9962   1273   9394   9150   1118   8178   
6004   8103   8771   1355   5749   489    5087   2513   9476   7080   
9039   3767   8437   2243   5986   1060   6793   2112   6785   3871   
8746   4489   6232   129    8946   7122   5297   8665   3446   2032   
1923   5054   893    2134   6401   2875   1054   151    731    803    
2136   8016   2399   
After sorted:
103    108    117    118    121    122    124    126    129    133    
133    141    147    151    151    157    167    168    172    172    
173    183    186    194    195    202    204    210    214    223    
230    231    232    240    244    259    262    273    283    287    
297    300    306    306    315    316    330    346    351    354    
355    357    360    367    398    402    417    420    427    428    
430    445    447    447    449    466    469    469    475    476    
481    482    482    485    489    492    493    506    532    532    
543    558    566    575    601    618    625    634    637    648    
653    662    662    666    667    669    673    678    680    688    
691    692    700    703    704    711    713    714    731    732    
741    748    755    758    783    783    785    797    803    811    
813    814    826    827    845    852    864    864    868    893    
894    896    896    902    911    919    919    929    930    942    
944    960    975    980    986    986    987    987    988    989    
992    993    996    1006   1007   1019   1020   1021   1025   1035   
1038   1039   1041   1042   1051   1054   1060   1062   1068   1073   
1094   1096   1099   1099   1099   1105   1115   1116   1118   1123   
1128   1134   1138   1147   1161   1166   1169   1185   1199   1202   
1203   1210   1220   1226   1231   1245   1263   1264   1265   1273   
1279   1286   1290   1296   1296   1320   1321   1325   1325   1343   
1349   1355   1360   1364   1372   1378   1402   1403   1407   1410   
1416   1424   1429   1435   1438   1440   1461   1462   1482   1487   
1495   1498   1511   1514   1537   1555   1569   1577   1583   1589   
1629   1635   1658   1668   1669   1670   1683   1694   1695   1698   
1699   1714   1720   1742   1745   1747   1754   1768   1776   1776   
1777   1779   1783   1787   1790   1791   1797   1798   1814   1818   
1822   1827   1843   1844   1865   1891   1896   1896   1910   1920   
1920   1923   1923   1928   1932   1933   1936   1945   1948   1960   
1981   1988   1991   2031   2032   2036   2061   2066   2076   2101   
2102   2112   2127   2130   2132   2134   2136   2178   2185   2194   
2199   2203   2211   2225   2229   2243   2247   2258   2260   2266   
2281   2289   2290   2291   2307   2322   2322   2336   2342   2344   
2355   2356   2357   2358   2362   2368   2369   2377   2378   2384   
2384   2386   2399   2405   2405   2421   2426   2428   2440   2453   
2457   2461   2473   2490   2492   2499   2501   2508   2513   2523   
2539   2550   2555   2559   2573   2578   2579   2585   2622   2625   
2628   2631   2634   2634   2645   2647   2648   2652   2652   2667   
2675   2689   2699   2708   2709   2713   2713   2728   2730   2742   
2745   2764   2772   2791   2798   2801   2807   2809   2818   2822   
2833   2862   2871   2875   2880   2885   2911   2919   2935   2942   
2946   2947   2958   2966   2983   2989   2989   2997   2999   3007   
3013   3016   3023   3024   3031   3037   3040   3043   3044   3048   
3057   3058   3061   3064   3072   3084   3085   3108   3123   3129   
3147   3178   3179   3208   3209   3211   3216   3225   3229   3258   
3259   3279   3282   3301   3306   3354   3362   3366   3383   3385   
3410   3413   3419   3422   3429   3435   3439   3443   3446   3449   
3453   3459   3462   3478   3480   3495   3506   3508   3509   3510   
3519   3546   3552   3559   3570   3579   3581   3595   3607   3625   
3644   3645   3663   3670   3677   3702   3702   3709   3732   3738   
3741   3766   3767   3769   3784   3789   3790   3792   3815   3816   
3824   3824   3826   3869   3870   3871   3872   3891   3902   3911   
3915   3921   3928   3929   3930   3944   3957   3962   3965   3965   
3966   3969   3983   3986   4004   4041   4053   4074   4080   4082   
4116   4127   4152   4179   4179   4188   4196   4199   4204   4206   
4211   4225   4227   4227   4232   4238   4243   4249   4295   4302   
4306   4309   4312   4319   4348   4370   4387   4405   4419   4441   
4450   4451   4462   4477   4489   4496   4510   4515   4520   4523   
4525   4538   4549   4593   4594   4611   4613   4614   4648   4650   
4662   4673   4674   4680   4684   4727   4728   4742   4750   4760   
4763   4768   4769   4786   4787   4795   4795   4820   4868   4876   
4879   4884   4929   4946   4962   4968   4969   4974   4974   4993   
4998   5003   5029   5054   5063   5067   5071   5087   5093   5093   
5113   5116   5116   5117   5126   5147   5157   5157   5167   5200   
5203   5210   5215   5239   5241   5249   5262   5273   5278   5279   
5286   5297   5303   5313   5314   5317   5351   5353   5357   5377   
5381   5395   5410   5412   5419   5425   5436   5451   5456   5489   
5507   5514   5523   5523   5532   5551   5554   5577   5602   5605   
5613   5629   5644   5644   5650   5650   5657   5673   5679   5681   
5696   5701   5702   5705   5712   5712   5730   5730   5749   5754   
5756   5765   5775   5784   5787   5799   5823   5838   5845   5861   
5880   5898   5914   5945   5948   5968   5969   5971   5974   5985   
5986   6001   6004   6004   6007   6010   6026   6039   6054   6054   
6057   6060   6076   6118   6123   6133   6159   6184   6207   6223   
6230   6232   6273   6278   6281   6281   6287   6294   6298   6315   
6324   6332   6343   6350   6351   6354   6356   6369   6375   6383   
6392   6395   6401   6408   6411   6425   6456   6459   6463   6497   
6506   6509   6524   6525   6541   6563   6563   6569   6597   6597   
6604   6604   6607   6612   6613   6615   6622   6660   6678   6682   
6685   6688   6715   6720   6736   6748   6767   6772   6775   6777   
6785   6790   6793   6802   6826   6827   6838   6861   6870   6905   
6909   6910   6936   6948   6959   6960   6970   6978   6992   6997   
6998   7004   7008   7064   7064   7076   7080   7101   7102   7102   
7111   7122   7124   7125   7134   7151   7159   7160   7160   7164   
7167   7178   7179   7183   7199   7204   7204   7204   7205   7219   
7242   7256   7261   7304   7312   7325   7328   7351   7356   7359   
7366   7375   7382   7395   7396   7401   7410   7436   7453   7457   
7467   7470   7471   7486   7488   7493   7505   7509   7521   7523   
7526   7531   7532   7534   7535   7550   7557   7559   7564   7564   
7569   7583   7595   7612   7628   7630   7635   7660   7665   7665   
7681   7684   7697   7706   7763   7765   7776   7785   7795   7810   
7834   7840   7851   7853   7858   7863   7864   7895   7897   7903   
7905   7906   7911   7918   7921   7922   7934   7980   8016   8017   
8037   8043   8046   8060   8063   8071   8085   8086   8088   8094   
8103   8130   8142   8171   8172   8175   8178   8182   8198   8201   
8209   8226   8228   8229   8234   8250   8253   8263   8265   8306   
8310   8311   8315   8377   8378   8384   8413   8424   8431   8437   
8441   8467   8470   8472   8477   8485   8485   8493   8518   8521   
8530   8531   8548   8558   8600   8604   8606   8608   8618   8630   
8636   8642   8655   8659   8660   8665   8667   8678   8695   8700   
8706   8708   8717   8736   8737   8743   8746   8747   8760   8761   
8771   8776   8778   8792   8802   8814   8827   8838   8849   8867   
8892   8900   8918   8922   8939   8946   8952   8952   8965   8975   
8981   9006   9014   9027   9034   9039   9047   9080   9088   9092   
9096   9132   9134   9143   9150   9193   9195   9219   9233   9237   
9254   9270   9297   9316   9322   9323   9335   9345   9372   9389   
9389   9394   9397   9407   9410   9449   9461   9470   9473   9476   
9478   9488   9499   9510   9513   9522   9528   9530   9541   9559   
9564   9566   9584   9590   9597   9604   9607   9631   9656   9656   
9681   9693   9702   9719   9742   9743   9747   9753   9759   9773   
9777   9779   9789   9798   9805   9841   9845   9851   9877   9887   
9898   9899   9912   9914   9914   9921   9928   9935   9936   9942   
9962   9974   9989   
Array length = 1123
Comparing times = 9369
Swaping times = 9369
Completely increasing.
The destruction has been called.
